2016-02-07 15:06:56 Debug: Array
(
    [log] => Array
        (
        )

    [count] => 0
    [time] => 
)

2016-02-07 15:07:34 Debug: Array
(
    [log] => Array
        (
        )

    [count] => 0
    [time] => 
)

2016-02-07 15:10:27 Debug: Array
(
    [log] => Array
        (
        )

    [count] => 0
    [time] => 
)

2016-02-07 15:10:31 Debug: Array
(
    [log] => Array
        (
        )

    [count] => 0
    [time] => 
)

2016-02-07 15:10:33 Debug: Array
(
    [log] => Array
        (
        )

    [count] => 0
    [time] => 
)

2016-02-07 15:14:17 Debug: Array
(
    [log] => Array
        (
        )

    [count] => 0
    [time] => 
)

2016-02-07 15:16:18 Debug: Array
(
    [log] => Array
        (
        )

    [count] => 0
    [time] => 
)

2016-02-07 15:16:21 Debug: Array
(
    [log] => Array
        (
        )

    [count] => 0
    [time] => 
)

2016-02-07 15:16:33 Debug: Array
(
    [log] => Array
        (
        )

    [count] => 0
    [time] => 
)

2016-02-07 15:18:41 Debug: Array
(
    [log] => Array
        (
        )

    [count] => 0
    [time] => 
)

2016-02-07 15:18:44 Debug: Array
(
    [log] => Array
        (
        )

    [count] => 0
    [time] => 
)

2016-02-07 15:18:46 Debug: Array
(
    [log] => Array
        (
        )

    [count] => 0
    [time] => 
)

2016-02-07 15:18:48 Debug: Array
(
    [log] => Array
        (
        )

    [count] => 0
    [time] => 
)

2016-02-07 15:20:29 Debug: Array
(
    [log] => Array
        (
        )

    [count] => 0
    [time] => 
)

2016-02-07 15:20:35 Debug: Array
(
    [log] => Array
        (
        )

    [count] => 0
    [time] => 
)

2016-02-07 15:29:47 Debug: Array
(
    [log] => Array
        (
        )

    [count] => 0
    [time] => 
)

2016-02-07 15:31:58 Debug: Array
(
    [log] => Array
        (
        )

    [count] => 0
    [time] => 
)

2016-02-07 15:32:13 Debug: Array
(
    [log] => Array
        (
        )

    [count] => 0
    [time] => 
)

2016-02-07 15:32:24 Debug: Array
(
    [log] => Array
        (
        )

    [count] => 0
    [time] => 
)

2016-02-07 15:32:26 Debug: Array
(
    [log] => Array
        (
        )

    [count] => 0
    [time] => 
)

2016-02-07 15:32:29 Debug: Array
(
    [log] => Array
        (
        )

    [count] => 0
    [time] => 
)

2016-02-07 15:32:53 Debug: Array
(
    [log] => Array
        (
        )

    [count] => 0
    [time] => 
)

2016-02-07 15:34:05 Debug: Array
(
    [log] => Array
        (
        )

    [count] => 0
    [time] => 
)

2016-02-07 15:34:24 Debug: Array
(
    [log] => Array
        (
        )

    [count] => 0
    [time] => 
)

2016-02-07 15:35:17 Debug: Array
(
    [log] => Array
        (
        )

    [count] => 0
    [time] => 
)

2016-02-07 15:35:21 Debug: Array
(
    [log] => Array
        (
        )

    [count] => 0
    [time] => 
)

2016-02-07 15:35:36 Debug: Array
(
    [log] => Array
        (
        )

    [count] => 0
    [time] => 
)

2016-02-07 15:38:16 Debug: Array
(
    [log] => Array
        (
        )

    [count] => 0
    [time] => 
)

2016-02-07 15:38:27 Debug: Array
(
    [log] => Array
        (
        )

    [count] => 0
    [time] => 
)

2016-02-07 15:38:32 Debug: Array
(
    [log] => Array
        (
        )

    [count] => 0
    [time] => 
)

2016-02-07 15:38:36 Debug: Array
(
    [log] => Array
        (
        )

    [count] => 0
    [time] => 
)

2016-02-07 15:47:27 Debug: Array
(
    [log] => Array
        (
        )

    [count] => 0
    [time] => 
)

2016-02-07 15:47:38 Debug: Array
(
    [log] => Array
        (
        )

    [count] => 0
    [time] => 
)

2016-02-07 15:47:43 Debug: Array
(
    [log] => Array
        (
        )

    [count] => 0
    [time] => 
)

2016-02-07 15:47:48 Debug: Array
(
    [log] => Array
        (
        )

    [count] => 0
    [time] => 
)

2016-02-07 15:47:54 Debug: Array
(
    [log] => Array
        (
        )

    [count] => 0
    [time] => 
)

2016-02-07 15:47:57 Debug: Array
(
    [log] => Array
        (
        )

    [count] => 0
    [time] => 
)

2016-02-07 15:48:37 Debug: Array
(
    [log] => Array
        (
        )

    [count] => 0
    [time] => 
)

2016-02-07 15:48:39 Debug: Array
(
    [log] => Array
        (
        )

    [count] => 0
    [time] => 
)

2016-02-07 15:48:43 Debug: Array
(
    [log] => Array
        (
        )

    [count] => 0
    [time] => 
)

2016-02-07 15:50:44 Debug: Array
(
    [log] => Array
        (
        )

    [count] => 0
    [time] => 
)

2016-02-07 16:39:17 Debug: Array
(
    [log] => Array
        (
        )

    [count] => 0
    [time] => 
)

2016-02-07 16:39:20 Debug: Array
(
    [log] => Array
        (
        )

    [count] => 0
    [time] => 
)

2016-02-07 16:39:22 Debug: Array
(
    [log] => Array
        (
        )

    [count] => 0
    [time] => 
)

2016-02-07 16:39:27 Debug: Array
(
    [log] => Array
        (
        )

    [count] => 0
    [time] => 
)

2016-02-07 16:39:46 Debug: Array
(
    [log] => Array
        (
        )

    [count] => 0
    [time] => 
)

2016-02-07 16:40:10 Debug: Array
(
    [log] => Array
        (
        )

    [count] => 0
    [time] => 
)

2016-02-07 16:41:36 Debug: Array
(
    [log] => Array
        (
        )

    [count] => 0
    [time] => 
)

2016-02-07 16:47:02 Debug: Array
(
    [log] => Array
        (
        )

    [count] => 0
    [time] => 
)

2016-02-07 16:47:03 Debug: Array
(
    [log] => Array
        (
        )

    [count] => 0
    [time] => 
)

2016-02-07 16:47:04 Debug: Array
(
    [log] => Array
        (
        )

    [count] => 0
    [time] => 
)

2016-02-07 16:47:27 Debug: Array
(
    [log] => Array
        (
        )

    [count] => 0
    [time] => 
)

2016-02-07 16:47:28 Debug: Array
(
    [log] => Array
        (
        )

    [count] => 0
    [time] => 
)

2016-02-07 16:47:30 Debug: Array
(
    [log] => Array
        (
        )

    [count] => 0
    [time] => 
)

2016-02-07 16:48:03 Debug: Array
(
    [log] => Array
        (
        )

    [count] => 0
    [time] => 
)

2016-02-07 16:50:35 Debug: Array
(
    [log] => Array
        (
        )

    [count] => 0
    [time] => 
)

2016-02-07 16:50:38 Debug: Array
(
    [log] => Array
        (
        )

    [count] => 0
    [time] => 
)

2016-02-07 16:50:39 Debug: Array
(
    [log] => Array
        (
        )

    [count] => 0
    [time] => 
)

2016-02-07 16:50:41 Debug: Array
(
    [log] => Array
        (
        )

    [count] => 0
    [time] => 
)

2016-02-07 16:50:42 Debug: Array
(
    [log] => Array
        (
        )

    [count] => 0
    [time] => 
)

2016-02-07 16:50:43 Debug: Array
(
    [log] => Array
        (
        )

    [count] => 0
    [time] => 
)

2016-02-07 16:50:47 Debug: Array
(
    [log] => Array
        (
        )

    [count] => 0
    [time] => 
)

2016-02-07 16:54:09 Debug: Array
(
    [log] => Array
        (
        )

    [count] => 0
    [time] => 
)

2016-02-07 16:54:18 Debug: Array
(
    [log] => Array
        (
        )

    [count] => 0
    [time] => 
)

2016-02-07 16:54:20 Debug: Array
(
    [log] => Array
        (
        )

    [count] => 0
    [time] => 
)

2016-02-07 16:54:21 Debug: Array
(
    [log] => Array
        (
        )

    [count] => 0
    [time] => 
)

2016-02-07 16:54:25 Debug: Array
(
    [log] => Array
        (
        )

    [count] => 0
    [time] => 
)

2016-02-07 17:00:37 Debug: Array
(
    [log] => Array
        (
        )

    [count] => 0
    [time] => 
)

2016-02-07 17:00:47 Debug: Array
(
    [log] => Array
        (
        )

    [count] => 0
    [time] => 
)

2016-02-07 17:00:49 Debug: Array
(
    [log] => Array
        (
        )

    [count] => 0
    [time] => 
)

2016-02-07 17:00:55 Debug: Array
(
    [log] => Array
        (
        )

    [count] => 0
    [time] => 
)

2016-02-07 17:01:10 Debug: Array
(
    [log] => Array
        (
        )

    [count] => 0
    [time] => 
)

2016-02-07 17:01:28 Debug: Array
(
    [log] => Array
        (
        )

    [count] => 0
    [time] => 
)

2016-02-07 17:01:30 Debug: Array
(
    [log] => Array
        (
        )

    [count] => 0
    [time] => 
)

2016-02-07 17:01:31 Debug: Array
(
    [log] => Array
        (
        )

    [count] => 0
    [time] => 
)

2016-02-07 17:01:35 Debug: Array
(
    [log] => Array
        (
        )

    [count] => 0
    [time] => 
)

2016-02-07 17:01:44 Debug: Array
(
    [log] => Array
        (
        )

    [count] => 0
    [time] => 
)

2016-02-07 18:12:34 Debug: Array
(
    [log] => Array
        (
            [0] => Array
                (
                    [query] => SELECT `User`.`id`, `User`.`name`, `User`.`email`, `User`.`password`, `User`.`birthdate`, `User`.`gender`, `User`.`profile`, `User`.`profile_photo`, `User`.`profile_background`, `User`.`created`, `User`.`modified`, `User`.`delete_flag` FROM `utwitter`.`users` AS `User`   WHERE `User`.`id` = 'y'    LIMIT 1
                    [params] => Array
                        (
                        )

                    [affected] => 0
                    [numRows] => 0
                    [took] => 0
                )

        )

    [count] => 1
    [time] => 0
)

2016-02-07 18:13:19 Debug: Array
(
    [log] => Array
        (
            [0] => Array
                (
                    [query] => SELECT `User`.`id`, `User`.`name`, `User`.`email`, `User`.`password`, `User`.`birthdate`, `User`.`gender`, `User`.`profile`, `User`.`profile_photo`, `User`.`profile_background`, `User`.`created`, `User`.`modified`, `User`.`delete_flag` FROM `utwitter`.`users` AS `User`   WHERE `User`.`id` = 'test'    LIMIT 1
                    [params] => Array
                        (
                        )

                    [affected] => 1
                    [numRows] => 1
                    [took] => 0
                )

        )

    [count] => 1
    [time] => 0
)

2016-02-07 18:13:37 Debug: Array
(
    [log] => Array
        (
            [0] => Array
                (
                    [query] => SELECT `User`.`id`, `User`.`name`, `User`.`email`, `User`.`password`, `User`.`birthdate`, `User`.`gender`, `User`.`profile`, `User`.`profile_photo`, `User`.`profile_background`, `User`.`created`, `User`.`modified`, `User`.`delete_flag` FROM `utwitter`.`users` AS `User`   WHERE `User`.`id` = 'test'    LIMIT 1
                    [params] => Array
                        (
                        )

                    [affected] => 1
                    [numRows] => 1
                    [took] => 0
                )

        )

    [count] => 1
    [time] => 0
)

2016-02-07 18:14:43 Debug: Array
(
    [log] => Array
        (
            [0] => Array
                (
                    [query] => SELECT `User`.`id`, `User`.`name`, `User`.`email`, `User`.`password`, `User`.`birthdate`, `User`.`gender`, `User`.`profile`, `User`.`profile_photo`, `User`.`profile_background`, `User`.`created`, `User`.`modified`, `User`.`delete_flag` FROM `utwitter`.`users` AS `User`   WHERE `User`.`id` = 'test1'    LIMIT 1
                    [params] => Array
                        (
                        )

                    [affected] => 1
                    [numRows] => 1
                    [took] => 0
                )

        )

    [count] => 1
    [time] => 0
)

2016-02-07 18:14:46 Debug: Array
(
    [log] => Array
        (
            [0] => Array
                (
                    [query] => SELECT `User`.`id`, `User`.`name`, `User`.`email`, `User`.`password`, `User`.`birthdate`, `User`.`gender`, `User`.`profile`, `User`.`profile_photo`, `User`.`profile_background`, `User`.`created`, `User`.`modified`, `User`.`delete_flag` FROM `utwitter`.`users` AS `User`   WHERE `User`.`id` = 'test2'    LIMIT 1
                    [params] => Array
                        (
                        )

                    [affected] => 1
                    [numRows] => 1
                    [took] => 0
                )

        )

    [count] => 1
    [time] => 0
)

2016-02-07 18:14:50 Debug: Array
(
    [log] => Array
        (
            [0] => Array
                (
                    [query] => SELECT `User`.`id`, `User`.`name`, `User`.`email`, `User`.`password`, `User`.`birthdate`, `User`.`gender`, `User`.`profile`, `User`.`profile_photo`, `User`.`profile_background`, `User`.`created`, `User`.`modified`, `User`.`delete_flag` FROM `utwitter`.`users` AS `User`   WHERE `User`.`id` = 'test3'    LIMIT 1
                    [params] => Array
                        (
                        )

                    [affected] => 1
                    [numRows] => 1
                    [took] => 0
                )

        )

    [count] => 1
    [time] => 0
)

2016-02-07 18:14:54 Debug: Array
(
    [log] => Array
        (
            [0] => Array
                (
                    [query] => SELECT `User`.`id`, `User`.`name`, `User`.`email`, `User`.`password`, `User`.`birthdate`, `User`.`gender`, `User`.`profile`, `User`.`profile_photo`, `User`.`profile_background`, `User`.`created`, `User`.`modified`, `User`.`delete_flag` FROM `utwitter`.`users` AS `User`   WHERE `User`.`id` = 'test3'    LIMIT 1
                    [params] => Array
                        (
                        )

                    [affected] => 1
                    [numRows] => 1
                    [took] => 0
                )

        )

    [count] => 1
    [time] => 0
)

2016-02-07 18:15:56 Debug: Array
(
    [log] => Array
        (
            [0] => Array
                (
                    [query] => SELECT `User`.`id`, `User`.`name`, `User`.`email`, `User`.`password`, `User`.`birthdate`, `User`.`gender`, `User`.`profile`, `User`.`profile_photo`, `User`.`profile_background`, `User`.`created`, `User`.`modified`, `User`.`delete_flag` FROM `utwitter`.`users` AS `User`   WHERE `User`.`id` = 'test3'    LIMIT 1
                    [params] => Array
                        (
                        )

                    [affected] => 1
                    [numRows] => 1
                    [took] => 0
                )

        )

    [count] => 1
    [time] => 0
)

2016-02-07 18:16:50 Debug: Array
(
    [log] => Array
        (
            [0] => Array
                (
                    [query] => SELECT `User`.`id`, `User`.`name`, `User`.`email`, `User`.`password`, `User`.`birthdate`, `User`.`gender`, `User`.`profile`, `User`.`profile_photo`, `User`.`profile_background`, `User`.`created`, `User`.`modified`, `User`.`delete_flag` FROM `utwitter`.`users` AS `User`   WHERE `User`.`id` = 'test3'    LIMIT 1
                    [params] => Array
                        (
                        )

                    [affected] => 1
                    [numRows] => 1
                    [took] => 0
                )

        )

    [count] => 1
    [time] => 0
)

2016-02-07 18:17:10 Debug: Array
(
    [log] => Array
        (
            [0] => Array
                (
                    [query] => SELECT `User`.`id`, `User`.`name`, `User`.`email`, `User`.`password`, `User`.`birthdate`, `User`.`gender`, `User`.`profile`, `User`.`profile_photo`, `User`.`profile_background`, `User`.`created`, `User`.`modified`, `User`.`delete_flag` FROM `utwitter`.`users` AS `User`   WHERE `User`.`id` = 'test3'    LIMIT 1
                    [params] => Array
                        (
                        )

                    [affected] => 1
                    [numRows] => 1
                    [took] => 0
                )

        )

    [count] => 1
    [time] => 0
)

2016-02-07 18:19:32 Debug: Array
(
    [log] => Array
        (
            [0] => Array
                (
                    [query] => SELECT `User`.`id`, `User`.`name`, `User`.`email`, `User`.`password`, `User`.`birthdate`, `User`.`gender`, `User`.`profile`, `User`.`profile_photo`, `User`.`profile_background`, `User`.`created`, `User`.`modified`, `User`.`delete_flag` FROM `utwitter`.`users` AS `User`   WHERE `User`.`id` = 'test3'    LIMIT 1
                    [params] => Array
                        (
                        )

                    [affected] => 1
                    [numRows] => 1
                    [took] => 0
                )

        )

    [count] => 1
    [time] => 0
)

2016-02-07 18:20:24 Debug: Array
(
    [log] => Array
        (
            [0] => Array
                (
                    [query] => SELECT `User`.`id`, `User`.`name`, `User`.`email`, `User`.`password`, `User`.`birthdate`, `User`.`gender`, `User`.`profile`, `User`.`profile_photo`, `User`.`profile_background`, `User`.`created`, `User`.`modified`, `User`.`delete_flag` FROM `utwitter`.`users` AS `User`   WHERE `User`.`id` = 'test3'    LIMIT 1
                    [params] => Array
                        (
                        )

                    [affected] => 1
                    [numRows] => 1
                    [took] => 0
                )

        )

    [count] => 1
    [time] => 0
)

2016-02-07 18:20:53 Debug: Array
(
    [log] => Array
        (
            [0] => Array
                (
                    [query] => SELECT `User`.`id`, `User`.`name`, `User`.`email`, `User`.`password`, `User`.`birthdate`, `User`.`gender`, `User`.`profile`, `User`.`profile_photo`, `User`.`profile_background`, `User`.`created`, `User`.`modified`, `User`.`delete_flag` FROM `utwitter`.`users` AS `User`   WHERE `User`.`id` = 'test3'    LIMIT 1
                    [params] => Array
                        (
                        )

                    [affected] => 1
                    [numRows] => 1
                    [took] => 0
                )

        )

    [count] => 1
    [time] => 0
)

2016-02-07 18:21:46 Debug: Array
(
    [log] => Array
        (
            [0] => Array
                (
                    [query] => SELECT `User`.`id`, `User`.`name`, `User`.`email`, `User`.`password`, `User`.`birthdate`, `User`.`gender`, `User`.`profile`, `User`.`profile_photo`, `User`.`profile_background`, `User`.`created`, `User`.`modified`, `User`.`delete_flag` FROM `utwitter`.`users` AS `User`   WHERE `User`.`id` = 'test3'    LIMIT 1
                    [params] => Array
                        (
                        )

                    [affected] => 1
                    [numRows] => 1
                    [took] => 0
                )

        )

    [count] => 1
    [time] => 0
)

2016-02-07 18:22:37 Debug: Array
(
    [log] => Array
        (
            [0] => Array
                (
                    [query] => SELECT `User`.`id`, `User`.`name`, `User`.`email`, `User`.`password`, `User`.`birthdate`, `User`.`gender`, `User`.`profile`, `User`.`profile_photo`, `User`.`profile_background`, `User`.`created`, `User`.`modified`, `User`.`delete_flag` FROM `utwitter`.`users` AS `User`   WHERE `User`.`id` = 'test3'    LIMIT 1
                    [params] => Array
                        (
                        )

                    [affected] => 1
                    [numRows] => 1
                    [took] => 0
                )

        )

    [count] => 1
    [time] => 0
)

